# JRE version: OpenJDK Runtime Environment Microsoft-13877171 (21.0.11+10) (build 21.0.11+10-LTS)
# Java VM: OpenJDK 64-Bit Server VM Microsoft-13877171 (21.0.11+10-LTS, mixed mode, sharing, tiered, compressed oops, compressed class ptrs, g1 gc, windows-amd64)
GC Precious Log:
 CardTable entry size: 512
 Card Set container configuration: InlinePtr #cards 5 size 8 Array Of Cards #cards 12 size 40 Howl #buckets 4 coarsen threshold 1843 Howl Bitmap #cards 512 size 80 coarsen threshold 460 Card regions per heap region 1 cards per card region 2048
 CPUs: 12 total, 12 available
 Memory: 16068M
 Large Page Support: Disabled
 NUMA Support: Disabled
 Compressed Oops: Enabled (32-bit)
 Heap Region Size: 1M
 Heap Min Capacity: 256M
 Heap Initial Capacity: 256M
 Heap Max Capacity: 512M
 Pre-touch: Disabled
 Parallel Workers: 10
 Concurrent Workers: 3
 Concurrent Refinement Workers: 10
 Periodic GC: Disabled
Heap:
 garbage-first heap   total 262144K, used 141036K [0x00000000e0000000, 0x0000000100000000)
  region size 1024K, 42 young (43008K), 6 survivors (6144K)
 Metaspace       used 88064K, committed 90560K, reserved 458752K
  class space    used 12492K, committed 13760K, reserved 327680K
GC Heap History (20 events):
Event: 1.752 GC heap before
{Heap before GC invocations=0 (full 0):
 garbage-first heap   total 262144K, used 22528K [0x00000000e0000000, 0x0000000100000000)
  region size 1024K, 23 young (23552K), 0 survivors (0K)
 Metaspace       used 905K, committed 1024K, reserved 393216K
  class space    used 71K, committed 128K, reserved 327680K
}
Event: 1.756 GC heap after
{Heap after GC invocations=1 (full 0):
 garbage-first heap   total 262144K, used 1557K [0x00000000e0000000, 0x0000000100000000)
  region size 1024K, 2 young (2048K), 2 survivors (2048K)
 Metaspace       used 905K, committed 1024K, reserved 393216K
  class space    used 71K, committed 128K, reserved 327680K
}
Event: 3.437 GC heap before
{Heap before GC invocations=1 (full 0):
 garbage-first heap   total 262144K, used 41493K [0x00000000e0000000, 0x0000000100000000)
  region size 1024K, 38 young (38912K), 2 survivors (2048K)
 Metaspace       used 4640K, committed 4864K, reserved 393216K
  class space    used 579K, committed 704K, reserved 327680K
}
Event: 3.444 GC heap after
{Heap after GC invocations=2 (full 0):
 garbage-first heap   total 262144K, used 11598K [0x00000000e0000000, 0x0000000100000000)
  region size 1024K, 5 young (5120K), 5 survivors (5120K)
 Metaspace       used 4640K, committed 4864K, reserved 393216K
  class space    used 579K, committed 704K, reserved 327680K
}
Event: 8.792 GC heap before
{Heap before GC invocations=2 (full 0):
 garbage-first heap   total 262144K, used 151886K [0x00000000e0000000, 0x0000000100000000)
  region size 1024K, 140 young (143360K), 5 survivors (5120K)
 Metaspace       used 20875K, committed 21504K, reserved 393216K
  class space    used 2832K, committed 3136K, reserved 327680K
}
Event: 8.808 GC heap after
{Heap after GC invocations=3 (full 0):
 garbage-first heap   total 262144K, used 24057K [0x00000000e0000000, 0x0000000100000000)
  region size 1024K, 17 young (17408K), 17 survivors (17408K)
 Metaspace       used 20875K, committed 21504K, reserved 393216K
  class space    used 2832K, committed 3136K, reserved 327680K
}
Event: 12.371 GC heap before
{Heap before GC invocations=4 (full 0):
 garbage-first heap   total 262144K, used 162297K [0x00000000e0000000, 0x0000000100000000)
  region size 1024K, 136 young (139264K), 17 survivors (17408K)
 Metaspace       used 34549K, committed 35968K, reserved 393216K
  class space    used 5113K, committed 5824K, reserved 327680K
}
Event: 12.388 GC heap after
{Heap after GC invocations=5 (full 0):
 garbage-first heap   total 262144K, used 51808K [0x00000000e0000000, 0x0000000100000000)
  region size 1024K, 10 young (10240K), 10 survivors (10240K)
 Metaspace       used 34549K, committed 35968K, reserved 393216K
  class space    used 5113K, committed 5824K, reserved 327680K
}
Event: 15.876 GC heap before
{Heap before GC invocations=6 (full 0):
 garbage-first heap   total 262144K, used 199264K [0x00000000e0000000, 0x0000000100000000)
  region size 1024K, 153 young (156672K), 10 survivors (10240K)
 Metaspace       used 49338K, committed 51136K, reserved 393216K
  class space    used 7332K, committed 8192K, reserved 327680K
}
Event: 15.891 GC heap after
{Heap after GC invocations=7 (full 0):
 garbage-first heap   total 262144K, used 65210K [0x00000000e0000000, 0x0000000100000000)
  region size 1024K, 20 young (20480K), 20 survivors (20480K)
 Metaspace       used 49338K, committed 51136K, reserved 393216K
  class space    used 7332K, committed 8192K, reserved 327680K
}
Event: 17.343 GC heap before
{Heap before GC invocations=7 (full 0):
 garbage-first heap   total 262144K, used 201402K [0x00000000e0000000, 0x0000000100000000)
  region size 1024K, 153 young (156672K), 20 survivors (20480K)
 Metaspace       used 50828K, committed 52608K, reserved 393216K
  class space    used 7496K, committed 8384K, reserved 327680K
}
Event: 17.361 GC heap after
{Heap after GC invocations=8 (full 0):
 garbage-first heap   total 262144K, used 71199K [0x00000000e0000000, 0x0000000100000000)
  region size 1024K, 6 young (6144K), 6 survivors (6144K)
 Metaspace       used 50828K, committed 52608K, reserved 393216K
  class space    used 7496K, committed 8384K, reserved 327680K
}
Event: 21.300 GC heap before
{Heap before GC invocations=8 (full 0):
 garbage-first heap   total 262144K, used 218655K [0x00000000e0000000, 0x0000000100000000)
  region size 1024K, 152 young (155648K), 6 survivors (6144K)
 Metaspace       used 58176K, committed 60096K, reserved 393216K
  class space    used 8434K, committed 9344K, reserved 327680K
}
Event: 21.308 GC heap after
{Heap after GC invocations=9 (full 0):
 garbage-first heap   total 262144K, used 76693K [0x00000000e0000000, 0x0000000100000000)
  region size 1024K, 11 young (11264K), 11 survivors (11264K)
 Metaspace       used 58176K, committed 60096K, reserved 393216K
  class space    used 8434K, committed 9344K, reserved 327680K
}
Event: 29.347 GC heap before
{Heap before GC invocations=10 (full 0):
 garbage-first heap   total 262144K, used 222101K [0x00000000e0000000, 0x0000000100000000)
  region size 1024K, 153 young (156672K), 11 survivors (11264K)
 Metaspace       used 72845K, committed 75136K, reserved 393216K
  class space    used 10535K, committed 11648K, reserved 327680K
}
Event: 29.361 GC heap after
{Heap after GC invocations=11 (full 0):
 garbage-first heap   total 262144K, used 87103K [0x00000000e0000000, 0x0000000100000000)
  region size 1024K, 20 young (20480K), 20 survivors (20480K)
 Metaspace       used 72845K, committed 75136K, reserved 393216K
  class space    used 10535K, committed 11648K, reserved 327680K
}
Event: 34.298 GC heap before
{Heap before GC invocations=11 (full 0):
 garbage-first heap   total 262144K, used 224319K [0x00000000e0000000, 0x0000000100000000)
  region size 1024K, 153 young (156672K), 20 survivors (20480K)
 Metaspace       used 82971K, committed 85376K, reserved 458752K
  class space    used 11998K, committed 13184K, reserved 327680K
}
Event: 34.316 GC heap after
{Heap after GC invocations=12 (full 0):
 garbage-first heap   total 262144K, used 101858K [0x00000000e0000000, 0x0000000100000000)
  region size 1024K, 13 young (13312K), 13 survivors (13312K)
 Metaspace       used 82971K, committed 85376K, reserved 458752K
  class space    used 11998K, committed 13184K, reserved 327680K
}
Event: 44.204 GC heap before
{Heap before GC invocations=12 (full 0):
 garbage-first heap   total 262144K, used 229858K [0x00000000e0000000, 0x0000000100000000)
  region size 1024K, 139 young (142336K), 13 survivors (13312K)
 Metaspace       used 85435K, committed 87936K, reserved 458752K
  class space    used 12178K, committed 13440K, reserved 327680K
}
Event: 44.214 GC heap after
{Heap after GC invocations=13 (full 0):
 garbage-first heap   total 262144K, used 106220K [0x00000000e0000000, 0x0000000100000000)
  region size 1024K, 6 young (6144K), 6 survivors (6144K)
 Metaspace       used 85435K, committed 87936K, reserved 458752K
  class space    used 12178K, committed 13440K, reserved 327680K
}

