# JRE version: OpenJDK Runtime Environment Microsoft-13877171 (21.0.11+10) (build 21.0.11+10-LTS)
# Java VM: OpenJDK 64-Bit Server VM Microsoft-13877171 (21.0.11+10-LTS, mixed mode, sharing, tiered, compressed oops, compressed class ptrs, g1 gc, windows-amd64)
GC Precious Log:
 CardTable entry size: 512
 Card Set container configuration: InlinePtr #cards 5 size 8 Array Of Cards #cards 12 size 40 Howl #buckets 4 coarsen threshold 1843 Howl Bitmap #cards 512 size 80 coarsen threshold 460 Card regions per heap region 1 cards per card region 2048
 CPUs: 12 total, 12 available
 Memory: 16068M
 Large Page Support: Disabled
 NUMA Support: Disabled
 Compressed Oops: Enabled (32-bit)
 Heap Region Size: 1M
 Heap Min Capacity: 256M
 Heap Initial Capacity: 256M
 Heap Max Capacity: 512M
 Pre-touch: Disabled
 Parallel Workers: 10
 Concurrent Workers: 3
 Concurrent Refinement Workers: 10
 Periodic GC: Disabled
Heap:
 garbage-first heap   total 262144K, used 179688K [0x00000000e0000000, 0x0000000100000000)
  region size 1024K, 98 young (100352K), 7 survivors (7168K)
 Metaspace       used 79962K, committed 82624K, reserved 458752K
  class space    used 11320K, committed 12608K, reserved 327680K
GC Heap History (18 events):
Event: 0.223 GC heap before
{Heap before GC invocations=0 (full 0):
 garbage-first heap   total 262144K, used 22528K [0x00000000e0000000, 0x0000000100000000)
  region size 1024K, 23 young (23552K), 0 survivors (0K)
 Metaspace       used 897K, committed 1024K, reserved 393216K
  class space    used 71K, committed 128K, reserved 327680K
}
Event: 0.225 GC heap after
{Heap after GC invocations=1 (full 0):
 garbage-first heap   total 262144K, used 1565K [0x00000000e0000000, 0x0000000100000000)
  region size 1024K, 2 young (2048K), 2 survivors (2048K)
 Metaspace       used 897K, committed 1024K, reserved 393216K
  class space    used 71K, committed 128K, reserved 327680K
}
Event: 0.694 GC heap before
{Heap before GC invocations=1 (full 0):
 garbage-first heap   total 262144K, used 41501K [0x00000000e0000000, 0x0000000100000000)
  region size 1024K, 38 young (38912K), 2 survivors (2048K)
 Metaspace       used 4652K, committed 4864K, reserved 393216K
  class space    used 581K, committed 704K, reserved 327680K
}
Event: 0.698 GC heap after
{Heap after GC invocations=2 (full 0):
 garbage-first heap   total 262144K, used 11721K [0x00000000e0000000, 0x0000000100000000)
  region size 1024K, 5 young (5120K), 5 survivors (5120K)
 Metaspace       used 4652K, committed 4864K, reserved 393216K
  class space    used 581K, committed 704K, reserved 327680K
}
Event: 2.467 GC heap before
{Heap before GC invocations=2 (full 0):
 garbage-first heap   total 262144K, used 155081K [0x00000000e0000000, 0x0000000100000000)
  region size 1024K, 143 young (146432K), 5 survivors (5120K)
 Metaspace       used 20925K, committed 21504K, reserved 393216K
  class space    used 2862K, committed 3136K, reserved 327680K
}
Event: 2.475 GC heap after
{Heap after GC invocations=3 (full 0):
 garbage-first heap   total 262144K, used 24009K [0x00000000e0000000, 0x0000000100000000)
  region size 1024K, 16 young (16384K), 16 survivors (16384K)
 Metaspace       used 20925K, committed 21504K, reserved 393216K
  class space    used 2862K, committed 3136K, reserved 327680K
}
Event: 3.659 GC heap before
{Heap before GC invocations=4 (full 0):
 garbage-first heap   total 262144K, used 128457K [0x00000000e0000000, 0x0000000100000000)
  region size 1024K, 120 young (122880K), 16 survivors (16384K)
 Metaspace       used 34608K, committed 35968K, reserved 393216K
  class space    used 5068K, committed 5760K, reserved 327680K
}
Event: 3.668 GC heap after
{Heap after GC invocations=5 (full 0):
 garbage-first heap   total 262144K, used 30014K [0x00000000e0000000, 0x0000000100000000)
  region size 1024K, 7 young (7168K), 7 survivors (7168K)
 Metaspace       used 34608K, committed 35968K, reserved 393216K
  class space    used 5068K, committed 5760K, reserved 327680K
}
Event: 5.516 GC heap before
{Heap before GC invocations=6 (full 0):
 garbage-first heap   total 262144K, used 181566K [0x00000000e0000000, 0x0000000100000000)
  region size 1024K, 153 young (156672K), 7 survivors (7168K)
 Metaspace       used 48586K, committed 50496K, reserved 393216K
  class space    used 7139K, committed 8064K, reserved 327680K
}
Event: 5.523 GC heap after
{Heap after GC invocations=7 (full 0):
 garbage-first heap   total 262144K, used 44696K [0x00000000e0000000, 0x0000000100000000)
  region size 1024K, 19 young (19456K), 19 survivors (19456K)
 Metaspace       used 48586K, committed 50496K, reserved 393216K
  class space    used 7139K, committed 8064K, reserved 327680K
}
Event: 7.072 GC heap before
{Heap before GC invocations=7 (full 0):
 garbage-first heap   total 262144K, used 179864K [0x00000000e0000000, 0x0000000100000000)
  region size 1024K, 153 young (156672K), 19 survivors (19456K)
 Metaspace       used 57798K, committed 60096K, reserved 393216K
  class space    used 8646K, committed 9728K, reserved 327680K
}
Event: 7.083 GC heap after
{Heap after GC invocations=8 (full 0):
 garbage-first heap   total 262144K, used 57302K [0x00000000e0000000, 0x0000000100000000)
  region size 1024K, 13 young (13312K), 13 survivors (13312K)
 Metaspace       used 57798K, committed 60096K, reserved 393216K
  class space    used 8646K, committed 9728K, reserved 327680K
}
Event: 14.029 GC heap before
{Heap before GC invocations=9 (full 0):
 garbage-first heap   total 262144K, used 199638K [0x00000000e0000000, 0x0000000100000000)
  region size 1024K, 153 young (156672K), 13 survivors (13312K)
 Metaspace       used 63278K, committed 65792K, reserved 393216K
  class space    used 9317K, committed 10560K, reserved 327680K
}
Event: 14.036 GC heap after
{Heap after GC invocations=10 (full 0):
 garbage-first heap   total 262144K, used 66250K [0x00000000e0000000, 0x0000000100000000)
  region size 1024K, 8 young (8192K), 8 survivors (8192K)
 Metaspace       used 63278K, committed 65792K, reserved 393216K
  class space    used 9317K, committed 10560K, reserved 327680K
}
Event: 16.298 GC heap before
{Heap before GC invocations=10 (full 0):
 garbage-first heap   total 262144K, used 215754K [0x00000000e0000000, 0x0000000100000000)
  region size 1024K, 153 young (156672K), 8 survivors (8192K)
 Metaspace       used 75028K, committed 77632K, reserved 458752K
  class space    used 10751K, committed 12032K, reserved 327680K
}
Event: 16.309 GC heap after
{Heap after GC invocations=11 (full 0):
 garbage-first heap   total 262144K, used 84900K [0x00000000e0000000, 0x0000000100000000)
  region size 1024K, 20 young (20480K), 20 survivors (20480K)
 Metaspace       used 75028K, committed 77632K, reserved 458752K
  class space    used 10751K, committed 12032K, reserved 327680K
}
Event: 17.887 GC heap before
{Heap before GC invocations=11 (full 0):
 garbage-first heap   total 262144K, used 221092K [0x00000000e0000000, 0x0000000100000000)
  region size 1024K, 153 young (156672K), 20 survivors (20480K)
 Metaspace       used 78923K, committed 81600K, reserved 458752K
  class space    used 11165K, committed 12480K, reserved 327680K
}
Event: 17.897 GC heap after
{Heap after GC invocations=12 (full 0):
 garbage-first heap   total 262144K, used 88552K [0x00000000e0000000, 0x0000000100000000)
  region size 1024K, 7 young (7168K), 7 survivors (7168K)
 Metaspace       used 78923K, committed 81600K, reserved 458752K
  class space    used 11165K, committed 12480K, reserved 327680K
}

