# JRE version: OpenJDK Runtime Environment Microsoft-13877171 (21.0.11+10) (build 21.0.11+10-LTS)
# Java VM: OpenJDK 64-Bit Server VM Microsoft-13877171 (21.0.11+10-LTS, mixed mode, sharing, tiered, compressed oops, compressed class ptrs, g1 gc, windows-amd64)
GC Precious Log:
 CardTable entry size: 512
 Card Set container configuration: InlinePtr #cards 5 size 8 Array Of Cards #cards 12 size 40 Howl #buckets 4 coarsen threshold 1843 Howl Bitmap #cards 512 size 80 coarsen threshold 460 Card regions per heap region 1 cards per card region 2048
 CPUs: 12 total, 12 available
 Memory: 16068M
 Large Page Support: Disabled
 NUMA Support: Disabled
 Compressed Oops: Enabled (32-bit)
 Heap Region Size: 1M
 Heap Min Capacity: 256M
 Heap Initial Capacity: 256M
 Heap Max Capacity: 512M
 Pre-touch: Disabled
 Parallel Workers: 10
 Concurrent Workers: 3
 Concurrent Refinement Workers: 10
 Periodic GC: Disabled
Heap:
 garbage-first heap   total 262144K, used 133394K [0x00000000e0000000, 0x0000000100000000)
  region size 1024K, 105 young (107520K), 18 survivors (18432K)
 Metaspace       used 55118K, committed 57216K, reserved 393216K
  class space    used 8193K, committed 9216K, reserved 327680K
GC Heap History (14 events):
Event: 0.252 GC heap before
{Heap before GC invocations=0 (full 0):
 garbage-first heap   total 262144K, used 22528K [0x00000000e0000000, 0x0000000100000000)
  region size 1024K, 23 young (23552K), 0 survivors (0K)
 Metaspace       used 900K, committed 1024K, reserved 393216K
  class space    used 71K, committed 128K, reserved 327680K
}
Event: 0.255 GC heap after
{Heap after GC invocations=1 (full 0):
 garbage-first heap   total 262144K, used 1610K [0x00000000e0000000, 0x0000000100000000)
  region size 1024K, 2 young (2048K), 2 survivors (2048K)
 Metaspace       used 900K, committed 1024K, reserved 393216K
  class space    used 71K, committed 128K, reserved 327680K
}
Event: 0.718 GC heap before
{Heap before GC invocations=1 (full 0):
 garbage-first heap   total 262144K, used 41546K [0x00000000e0000000, 0x0000000100000000)
  region size 1024K, 38 young (38912K), 2 survivors (2048K)
 Metaspace       used 4634K, committed 4864K, reserved 393216K
  class space    used 581K, committed 704K, reserved 327680K
}
Event: 0.722 GC heap after
{Heap after GC invocations=2 (full 0):
 garbage-first heap   total 262144K, used 11566K [0x00000000e0000000, 0x0000000100000000)
  region size 1024K, 5 young (5120K), 5 survivors (5120K)
 Metaspace       used 4634K, committed 4864K, reserved 393216K
  class space    used 581K, committed 704K, reserved 327680K
}
Event: 2.448 GC heap before
{Heap before GC invocations=2 (full 0):
 garbage-first heap   total 262144K, used 154926K [0x00000000e0000000, 0x0000000100000000)
  region size 1024K, 143 young (146432K), 5 survivors (5120K)
 Metaspace       used 20911K, committed 21504K, reserved 393216K
  class space    used 2862K, committed 3136K, reserved 327680K
}
Event: 2.456 GC heap after
{Heap after GC invocations=3 (full 0):
 garbage-first heap   total 262144K, used 24718K [0x00000000e0000000, 0x0000000100000000)
  region size 1024K, 17 young (17408K), 17 survivors (17408K)
 Metaspace       used 20911K, committed 21504K, reserved 393216K
  class space    used 2862K, committed 3136K, reserved 327680K
}
Event: 3.801 GC heap before
{Heap before GC invocations=4 (full 0):
 garbage-first heap   total 262144K, used 130190K [0x00000000e0000000, 0x0000000100000000)
  region size 1024K, 122 young (124928K), 17 survivors (17408K)
 Metaspace       used 34680K, committed 35968K, reserved 393216K
  class space    used 5067K, committed 5696K, reserved 327680K
}
Event: 3.810 GC heap after
{Heap after GC invocations=5 (full 0):
 garbage-first heap   total 262144K, used 30644K [0x00000000e0000000, 0x0000000100000000)
  region size 1024K, 7 young (7168K), 7 survivors (7168K)
 Metaspace       used 34680K, committed 35968K, reserved 393216K
  class space    used 5067K, committed 5696K, reserved 327680K
}
Event: 3.845 GC heap before
{Heap before GC invocations=5 (full 0):
 garbage-first heap   total 262144K, used 32692K [0x00000000e0000000, 0x0000000100000000)
  region size 1024K, 10 young (10240K), 7 survivors (7168K)
 Metaspace       used 35009K, committed 36288K, reserved 393216K
  class space    used 5090K, committed 5696K, reserved 327680K
}
Event: 3.847 GC heap after
{Heap after GC invocations=6 (full 0):
 garbage-first heap   total 262144K, used 31283K [0x00000000e0000000, 0x0000000100000000)
  region size 1024K, 7 young (7168K), 7 survivors (7168K)
 Metaspace       used 35009K, committed 36288K, reserved 393216K
  class space    used 5090K, committed 5696K, reserved 327680K
}
Event: 3.896 GC heap before
{Heap before GC invocations=6 (full 0):
 garbage-first heap   total 262144K, used 33331K [0x00000000e0000000, 0x0000000100000000)
  region size 1024K, 10 young (10240K), 7 survivors (7168K)
 Metaspace       used 35339K, committed 36608K, reserved 393216K
  class space    used 5133K, committed 5760K, reserved 327680K
}
Event: 3.899 GC heap after
{Heap after GC invocations=7 (full 0):
 garbage-first heap   total 262144K, used 31769K [0x00000000e0000000, 0x0000000100000000)
  region size 1024K, 7 young (7168K), 7 survivors (7168K)
 Metaspace       used 35339K, committed 36608K, reserved 393216K
  class space    used 5133K, committed 5760K, reserved 327680K
}
Event: 5.880 GC heap before
{Heap before GC invocations=8 (full 0):
 garbage-first heap   total 262144K, used 183321K [0x00000000e0000000, 0x0000000100000000)
  region size 1024K, 153 young (156672K), 7 survivors (7168K)
 Metaspace       used 48535K, committed 50432K, reserved 393216K
  class space    used 7129K, committed 8064K, reserved 327680K
}
Event: 5.887 GC heap after
{Heap after GC invocations=9 (full 0):
 garbage-first heap   total 262144K, used 45330K [0x00000000e0000000, 0x0000000100000000)
  region size 1024K, 18 young (18432K), 18 survivors (18432K)
 Metaspace       used 48535K, committed 50432K, reserved 393216K
  class space    used 7129K, committed 8064K, reserved 327680K
}

