# JRE version: OpenJDK Runtime Environment JBR-21.0.9+1-1163.86-jcef (21.0.9+1) (build 21.0.9+1-b1163.86)
# Java VM: OpenJDK 64-Bit Server VM JBR-21.0.9+1-1163.86-jcef (21.0.9+1-b1163.86, mixed mode, sharing, tiered, compressed oops, compressed class ptrs, g1 gc, windows-amd64)
GC Precious Log:
 CardTable entry size: 512
 Card Set container configuration: InlinePtr #cards 5 size 8 Array Of Cards #cards 12 size 40 Howl #buckets 4 coarsen threshold 1843 Howl Bitmap #cards 512 size 80 coarsen threshold 460 Card regions per heap region 1 cards per card region 2048
 CPUs: 12 total, 12 available
 Memory: 16068M
 Large Page Support: Disabled
 NUMA Support: Disabled
 Compressed Oops: Enabled (32-bit)
 Heap Region Size: 1M
 Heap Min Capacity: 128M
 Heap Initial Capacity: 128M
 Heap Max Capacity: 2G
 Pre-touch: Disabled
 Parallel Workers: 10
 Concurrent Workers: 3
 Concurrent Refinement Workers: 10
 Periodic GC: Disabled
Heap:
 garbage-first heap   total 131072K, used 16121K [0x0000000080000000, 0x0000000100000000)
  region size 1024K, 6 young (6144K), 0 survivors (0K)
 Metaspace       used 20960K, committed 21760K, reserved 1114112K
  class space    used 2548K, committed 2880K, reserved 1048576K
GC Heap History (10 events):
Event: 0.490 GC heap before
{Heap before GC invocations=0 (full 0):
 garbage-first heap   total 131072K, used 24576K [0x0000000080000000, 0x0000000100000000)
  region size 1024K, 23 young (23552K), 0 survivors (0K)
 Metaspace       used 5712K, committed 6016K, reserved 1114112K
  class space    used 744K, committed 896K, reserved 1048576K
}
Event: 0.496 GC heap after
{Heap after GC invocations=1 (full 0):
 garbage-first heap   total 131072K, used 8008K [0x0000000080000000, 0x0000000100000000)
  region size 1024K, 3 young (3072K), 3 survivors (3072K)
 Metaspace       used 5712K, committed 6016K, reserved 1114112K
  class space    used 744K, committed 896K, reserved 1048576K
}
Event: 1.175 GC heap before
{Heap before GC invocations=1 (full 0):
 garbage-first heap   total 131072K, used 34632K [0x0000000080000000, 0x0000000100000000)
  region size 1024K, 30 young (30720K), 3 survivors (3072K)
 Metaspace       used 15429K, committed 15808K, reserved 1114112K
  class space    used 1771K, committed 1984K, reserved 1048576K
}
Event: 1.180 GC heap after
{Heap after GC invocations=2 (full 0):
 garbage-first heap   total 131072K, used 11831K [0x0000000080000000, 0x0000000100000000)
  region size 1024K, 4 young (4096K), 4 survivors (4096K)
 Metaspace       used 15429K, committed 15808K, reserved 1114112K
  class space    used 1771K, committed 1984K, reserved 1048576K
}
Event: 3600.012 GC heap before
{Heap before GC invocations=2 (full 0):
 garbage-first heap   total 131072K, used 41527K [0x0000000080000000, 0x0000000100000000)
  region size 1024K, 34 young (34816K), 4 survivors (4096K)
 Metaspace       used 19605K, committed 20096K, reserved 1114112K
  class space    used 2418K, committed 2624K, reserved 1048576K
}
Event: 3600.110 GC heap after
{Heap after GC invocations=3 (full 1):
 garbage-first heap   total 131072K, used 11754K [0x0000000080000000, 0x0000000100000000)
  region size 1024K, 0 young (0K), 0 survivors (0K)
 Metaspace       used 19550K, committed 20096K, reserved 1114112K
  class space    used 2405K, committed 2624K, reserved 1048576K
}
Event: 7200.126 GC heap before
{Heap before GC invocations=3 (full 1):
 garbage-first heap   total 131072K, used 58858K [0x0000000080000000, 0x0000000100000000)
  region size 1024K, 48 young (49152K), 0 survivors (0K)
 Metaspace       used 21278K, committed 21760K, reserved 1114112K
  class space    used 2636K, committed 2880K, reserved 1048576K
}
Event: 7200.291 GC heap after
{Heap after GC invocations=4 (full 2):
 garbage-first heap   total 131072K, used 12045K [0x0000000080000000, 0x0000000100000000)
  region size 1024K, 0 young (0K), 0 survivors (0K)
 Metaspace       used 21123K, committed 21760K, reserved 1114112K
  class space    used 2592K, committed 2880K, reserved 1048576K
}
Event: 10800.324 GC heap before
{Heap before GC invocations=4 (full 2):
 garbage-first heap   total 131072K, used 20237K [0x0000000080000000, 0x0000000100000000)
  region size 1024K, 9 young (9216K), 0 survivors (0K)
 Metaspace       used 21160K, committed 21760K, reserved 1114112K
  class space    used 2592K, committed 2880K, reserved 1048576K
}
Event: 10800.572 GC heap after
{Heap after GC invocations=5 (full 3):
 garbage-first heap   total 131072K, used 11001K [0x0000000080000000, 0x0000000100000000)
  region size 1024K, 0 young (0K), 0 survivors (0K)
 Metaspace       used 20956K, committed 21760K, reserved 1114112K
  class space    used 2548K, committed 2880K, reserved 1048576K
}

