# JRE version: OpenJDK Runtime Environment Microsoft-13877171 (21.0.11+10) (build 21.0.11+10-LTS)
# Java VM: OpenJDK 64-Bit Server VM Microsoft-13877171 (21.0.11+10-LTS, mixed mode, sharing, tiered, compressed oops, compressed class ptrs, g1 gc, windows-amd64)
GC Precious Log:
 CardTable entry size: 512
 Card Set container configuration: InlinePtr #cards 5 size 8 Array Of Cards #cards 12 size 40 Howl #buckets 4 coarsen threshold 1843 Howl Bitmap #cards 512 size 80 coarsen threshold 460 Card regions per heap region 1 cards per card region 2048
 CPUs: 12 total, 12 available
 Memory: 16068M
 Large Page Support: Disabled
 NUMA Support: Disabled
 Compressed Oops: Enabled (32-bit)
 Heap Region Size: 1M
 Heap Min Capacity: 256M
 Heap Initial Capacity: 256M
 Heap Max Capacity: 512M
 Pre-touch: Disabled
 Parallel Workers: 10
 Concurrent Workers: 3
 Concurrent Refinement Workers: 10
 Periodic GC: Disabled
Heap:
 garbage-first heap   total 262144K, used 59159K [0x00000000e0000000, 0x0000000100000000)
  region size 1024K, 16 young (16384K), 13 survivors (13312K)
 Metaspace       used 58238K, committed 60480K, reserved 393216K
  class space    used 8712K, committed 9792K, reserved 327680K
GC Heap History (12 events):
Event: 18.237 GC heap before
{Heap before GC invocations=0 (full 0):
 garbage-first heap   total 262144K, used 22528K [0x00000000e0000000, 0x0000000100000000)
  region size 1024K, 23 young (23552K), 0 survivors (0K)
 Metaspace       used 901K, committed 1024K, reserved 393216K
  class space    used 71K, committed 128K, reserved 327680K
}
Event: 18.242 GC heap after
{Heap after GC invocations=1 (full 0):
 garbage-first heap   total 262144K, used 1557K [0x00000000e0000000, 0x0000000100000000)
  region size 1024K, 2 young (2048K), 2 survivors (2048K)
 Metaspace       used 901K, committed 1024K, reserved 393216K
  class space    used 71K, committed 128K, reserved 327680K
}
Event: 26.835 GC heap before
{Heap before GC invocations=1 (full 0):
 garbage-first heap   total 262144K, used 41493K [0x00000000e0000000, 0x0000000100000000)
  region size 1024K, 38 young (38912K), 2 survivors (2048K)
 Metaspace       used 4656K, committed 4928K, reserved 393216K
  class space    used 582K, committed 704K, reserved 327680K
}
Event: 26.838 GC heap after
{Heap after GC invocations=2 (full 0):
 garbage-first heap   total 262144K, used 11687K [0x00000000e0000000, 0x0000000100000000)
  region size 1024K, 5 young (5120K), 5 survivors (5120K)
 Metaspace       used 4656K, committed 4928K, reserved 393216K
  class space    used 582K, committed 704K, reserved 327680K
}
Event: 42.433 GC heap before
{Heap before GC invocations=2 (full 0):
 garbage-first heap   total 262144K, used 155047K [0x00000000e0000000, 0x0000000100000000)
  region size 1024K, 143 young (146432K), 5 survivors (5120K)
 Metaspace       used 20921K, committed 21504K, reserved 393216K
  class space    used 2861K, committed 3136K, reserved 327680K
}
Event: 42.440 GC heap after
{Heap after GC invocations=3 (full 0):
 garbage-first heap   total 262144K, used 23975K [0x00000000e0000000, 0x0000000100000000)
  region size 1024K, 16 young (16384K), 16 survivors (16384K)
 Metaspace       used 20921K, committed 21504K, reserved 393216K
  class space    used 2861K, committed 3136K, reserved 327680K
}
Event: 43.631 GC heap before
{Heap before GC invocations=4 (full 0):
 garbage-first heap   total 262144K, used 129447K [0x00000000e0000000, 0x0000000100000000)
  region size 1024K, 121 young (123904K), 16 survivors (16384K)
 Metaspace       used 34624K, committed 35968K, reserved 393216K
  class space    used 5074K, committed 5760K, reserved 327680K
}
Event: 43.641 GC heap after
{Heap after GC invocations=5 (full 0):
 garbage-first heap   total 262144K, used 30252K [0x00000000e0000000, 0x0000000100000000)
  region size 1024K, 7 young (7168K), 7 survivors (7168K)
 Metaspace       used 34624K, committed 35968K, reserved 393216K
  class space    used 5074K, committed 5760K, reserved 327680K
}
Event: 46.445 GC heap before
{Heap before GC invocations=6 (full 0):
 garbage-first heap   total 262144K, used 181804K [0x00000000e0000000, 0x0000000100000000)
  region size 1024K, 153 young (156672K), 7 survivors (7168K)
 Metaspace       used 48645K, committed 50560K, reserved 393216K
  class space    used 7144K, committed 8064K, reserved 327680K
}
Event: 46.454 GC heap after
{Heap after GC invocations=7 (full 0):
 garbage-first heap   total 262144K, used 44553K [0x00000000e0000000, 0x0000000100000000)
  region size 1024K, 19 young (19456K), 19 survivors (19456K)
 Metaspace       used 48645K, committed 50560K, reserved 393216K
  class space    used 7144K, committed 8064K, reserved 327680K
}
Event: 49.637 GC heap before
{Heap before GC invocations=7 (full 0):
 garbage-first heap   total 262144K, used 178697K [0x00000000e0000000, 0x0000000100000000)
  region size 1024K, 152 young (155648K), 19 survivors (19456K)
 Metaspace       used 57868K, committed 60096K, reserved 393216K
  class space    used 8655K, committed 9728K, reserved 327680K
}
Event: 49.649 GC heap after
{Heap after GC invocations=8 (full 0):
 garbage-first heap   total 262144K, used 57111K [0x00000000e0000000, 0x0000000100000000)
  region size 1024K, 13 young (13312K), 13 survivors (13312K)
 Metaspace       used 57868K, committed 60096K, reserved 393216K
  class space    used 8655K, committed 9728K, reserved 327680K
}

